<?xml version="1.0" encoding="UTF-8"?>
<testsuite xmlns:xsi="http://www.w3.org/2001/XMLSchema-instance" xsi:noNamespaceSchemaLocation="https://maven.apache.org/surefire/maven-surefire-plugin/xsd/surefire-test-report-3.0.xsd" version="3.0" name="lightmanagement.RoomTest" time="0.093" tests="6" errors="0" skipped="0" failures="0">
  <properties>
    <property name="java.specification.version" value="17"/>
    <property name="sun.jnu.encoding" value="UTF-8"/>
    <property name="java.class.path" value="/home/bibek/Downloads/lightmanagement1/lightmanagement/target/test-classes:/home/bibek/Downloads/lightmanagement1/lightmanagement/target/classes:/home/bibek/.m2/repository/org/junit/jupiter/junit-jupiter-api/5.10.2/junit-jupiter-api-5.10.2.jar:/home/bibek/.m2/repository/org/opentest4j/opentest4j/1.3.0/opentest4j-1.3.0.jar:/home/bibek/.m2/repository/org/junit/platform/junit-platform-commons/1.10.2/junit-platform-commons-1.10.2.jar:/home/bibek/.m2/repository/org/apiguardian/apiguardian-api/1.1.2/apiguardian-api-1.1.2.jar:/home/bibek/.m2/repository/junit/junit/4.13.1/junit-4.13.1.jar:/home/bibek/.m2/repository/org/hamcrest/hamcrest-core/1.3/hamcrest-core-1.3.jar:/home/bibek/.m2/repository/org/mockito/mockito-core/5.11.0/mockito-core-5.11.0.jar:/home/bibek/.m2/repository/net/bytebuddy/byte-buddy/1.14.12/byte-buddy-1.14.12.jar:/home/bibek/.m2/repository/net/bytebuddy/byte-buddy-agent/1.14.12/byte-buddy-agent-1.14.12.jar:/home/bibek/.m2/repository/org/objenesis/objenesis/3.3/objenesis-3.3.jar:"/>
    <property name="java.vm.vendor" value="Amazon.com Inc."/>
    <property name="sun.arch.data.model" value="64"/>
    <property name="java.vendor.url" value="https://aws.amazon.com/corretto/"/>
    <property name="os.name" value="Linux"/>
    <property name="java.vm.specification.version" value="17"/>
    <property name="sun.java.launcher" value="SUN_STANDARD"/>
    <property name="user.country" value="US"/>
    <property name="sun.boot.library.path" value="/home/bibek/.jdks/corretto-17.0.10/lib"/>
    <property name="sun.java.command" value="/home/bibek/Downloads/lightmanagement1/lightmanagement/target/surefire/surefirebooter6830894379937272330.jar /home/bibek/Downloads/lightmanagement1/lightmanagement/target/surefire 2024-03-15T14-01-51_999-jvmRun1 surefire6511108023828412969tmp surefire_017135995860694941604tmp"/>
    <property name="jdk.debug" value="release"/>
    <property name="surefire.test.class.path" value="/home/bibek/Downloads/lightmanagement1/lightmanagement/target/test-classes:/home/bibek/Downloads/lightmanagement1/lightmanagement/target/classes:/home/bibek/.m2/repository/org/junit/jupiter/junit-jupiter-api/5.10.2/junit-jupiter-api-5.10.2.jar:/home/bibek/.m2/repository/org/opentest4j/opentest4j/1.3.0/opentest4j-1.3.0.jar:/home/bibek/.m2/repository/org/junit/platform/junit-platform-commons/1.10.2/junit-platform-commons-1.10.2.jar:/home/bibek/.m2/repository/org/apiguardian/apiguardian-api/1.1.2/apiguardian-api-1.1.2.jar:/home/bibek/.m2/repository/junit/junit/4.13.1/junit-4.13.1.jar:/home/bibek/.m2/repository/org/hamcrest/hamcrest-core/1.3/hamcrest-core-1.3.jar:/home/bibek/.m2/repository/org/mockito/mockito-core/5.11.0/mockito-core-5.11.0.jar:/home/bibek/.m2/repository/net/bytebuddy/byte-buddy/1.14.12/byte-buddy-1.14.12.jar:/home/bibek/.m2/repository/net/bytebuddy/byte-buddy-agent/1.14.12/byte-buddy-agent-1.14.12.jar:/home/bibek/.m2/repository/org/objenesis/objenesis/3.3/objenesis-3.3.jar:"/>
    <property name="sun.cpu.endian" value="little"/>
    <property name="user.home" value="/home/bibek"/>
    <property name="user.language" value="en"/>
    <property name="java.specification.vendor" value="Oracle Corporation"/>
    <property name="java.version.date" value="2024-01-16"/>
    <property name="java.home" value="/home/bibek/.jdks/corretto-17.0.10"/>
    <property name="file.separator" value="/"/>
    <property name="basedir" value="/home/bibek/Downloads/lightmanagement1/lightmanagement"/>
    <property name="java.vm.compressedOopsMode" value="Zero based"/>
    <property name="line.separator" value="&#10;"/>
    <property name="java.specification.name" value="Java Platform API Specification"/>
    <property name="java.vm.specification.vendor" value="Oracle Corporation"/>
    <property name="surefire.real.class.path" value="/home/bibek/Downloads/lightmanagement1/lightmanagement/target/surefire/surefirebooter6830894379937272330.jar"/>
    <property name="sun.management.compiler" value="HotSpot 64-Bit Tiered Compilers"/>
    <property name="java.runtime.version" value="17.0.10+8-LTS"/>
    <property name="user.name" value="bibek"/>
    <property name="path.separator" value=":"/>
    <property name="os.version" value="6.5.0-25-generic"/>
    <property name="java.runtime.name" value="OpenJDK Runtime Environment"/>
    <property name="file.encoding" value="UTF-8"/>
    <property name="java.vm.name" value="OpenJDK 64-Bit Server VM"/>
    <property name="java.vendor.version" value="Corretto-17.0.10.8.1"/>
    <property name="localRepository" value="/home/bibek/.m2/repository"/>
    <property name="java.vendor.url.bug" value="https://github.com/corretto/corretto-17/issues/"/>
    <property name="java.io.tmpdir" value="/tmp"/>
    <property name="idea.version" value="2021.2.3"/>
    <property name="java.version" value="17.0.10"/>
    <property name="user.dir" value="/home/bibek/Downloads/lightmanagement1/lightmanagement"/>
    <property name="os.arch" value="amd64"/>
    <property name="java.vm.specification.name" value="Java Virtual Machine Specification"/>
    <property name="native.encoding" value="UTF-8"/>
    <property name="java.library.path" value="/usr/java/packages/lib:/usr/lib64:/lib64:/lib:/usr/lib"/>
    <property name="java.vm.info" value="mixed mode, sharing"/>
    <property name="java.vendor" value="Amazon.com Inc."/>
    <property name="java.vm.version" value="17.0.10+8-LTS"/>
    <property name="sun.io.unicode.encoding" value="UnicodeLittle"/>
    <property name="java.class.version" value="61.0"/>
  </properties>
  <testcase name="testGetLight" classname="lightmanagement.RoomTest" time="0.046"/>
  <testcase name="testToString" classname="lightmanagement.RoomTest" time="0.013"/>
  <testcase name="testAddLight" classname="lightmanagement.RoomTest" time="0.001"/>
  <testcase name="testNumberOfLights" classname="lightmanagement.RoomTest" time="0.001"/>
  <testcase name="testSetRoomID" classname="lightmanagement.RoomTest" time="0.001"/>
  <testcase name="testDefaultConstructor" classname="lightmanagement.RoomTest" time="0.001"/>
</testsuite>